2021/11/18 15:40:50 initLog SUCC!!
2021/11/18 15:40:50 LogLevel is [DEBUG]
2021/11/18 15:40:50 [ clearCardInfo.go     ]:[   20][  INFO ]: 日志注册成功,日志文件目录为:[E:\github.com\LJTian\ubuntu\homeWork\httpServer_k8s\bin/../log/WebMng.log]
2021/11/18 15:40:50 [ clearCardInfo.go     ]:[   40][  INFO ]: WEB管理页面加载成功, 监听地址为:[:8009]
2021/11/18 15:42:21 [ clearCardInfo.go     ]:[  118][ DEBUG ]: 收到的报文为:
 {
	"intfaceId":	"WEB",
	"version":	"1.0",
	"transCode":	"02A200",
	"issCardId":	"00000001",
	"chanTrace":	"000024",
	"issTrace":	"008144",
	"transDate":	"14859",
	"transTime":	"154221",
	"issLogicDate":	"20201022",
	"chanRrn":	"21111800000O",
	"issRrn":	"2010220007UG",
	"respCode":	"00",
	"respDesc":	"交易成功"
}
2021/11/18 15:42:21 [ clearCardInfo.go     ]:[  125][ ERROR ]: 未收到报文
2021/11/18 15:57:01 initLog SUCC!!
2021/11/18 15:57:01 LogLevel is [DEBUG]
2021/11/18 15:57:01 [ clearCardInfo.go     ]:[   22][  INFO ]: 日志注册成功,日志文件目录为:[E:\github.com\LJTian\ubuntu\homeWork\httpServer_k8s\bin/../log/WebMng.log]
2021/11/18 15:57:01 [ clearCardInfo.go     ]:[   65][  INFO ]: WEB管理页面加载成功, 监听地址为:[:8009]
2021/11/18 15:58:18 initLog SUCC!!
2021/11/18 15:58:18 LogLevel is [DEBUG]
2021/11/18 15:58:18 [ clearCardInfo.go     ]:[   22][  INFO ]: 日志注册成功,日志文件目录为:[E:\github.com\LJTian\ubuntu\homeWork\httpServer_k8s\bin/../log/WebMng.log]
2021/11/18 15:58:18 [ clearCardInfo.go     ]:[   65][  INFO ]: WEB管理页面加载成功, 监听地址为:[:8009]
